
RAxML-NG v. 1.0.1 released on 19.09.2020 by The Exelixis Lab.
Developed by: Alexey M. Kozlov and Alexandros Stamatakis.
Contributors: Diego Darriba, Tomas Flouri, Benoit Morel, Sarah Lutteropp, Ben Bettisworth.
Latest version: https://github.com/amkozlov/raxml-ng
Questions/problems/suggestions? Please visit: https://groups.google.com/forum/#!forum/raxml

System: Intel(R) Core(TM) i7-7660U CPU @ 2.50GHz, 2 cores, 16 GB RAM

RAxML-NG was called at 15-Mar-2022 15:03:16 as follows:

/Users/noa/Programs/Raxml/raxml-ng --force msa --force perf_threads --threads 1 --workers auto --parse --msa ../example_results/example_run/job_0/example_msa.phy/n_seq_10/n_loci_1000/0.phy --model WAG+G --prefix ../example_results/example_run/job_0/example_msa.phy/n_seq_10/n_loci_1000/raxml_full_data_results_0/0_PARSE --seed 1

Analysis options:
  run mode: Alignment parsing and compression
  start tree(s): 
  random seed: 1
  tip-inner: OFF
  pattern compression: ON
  per-rate scalers: OFF
  site repeats: ON
  branch lengths: proportional (ML estimate, algorithm: NR-FAST)
  SIMD kernels: AVX2
  parallelization: coarse-grained (auto), NONE/sequential

WARNING: Running in FORCE mode: some safety checks are disabled!

[00:00:00] Reading alignment from file: ../example_results/example_run/job_0/example_msa.phy/n_seq_10/n_loci_1000/0.phy
[00:00:00] Loaded alignment with 10 taxa and 1000 sites

Alignment comprises 1 partitions and 616 patterns

Partition 0: noname
Model: WAG+G4m
Alignment sites / patterns: 1000 / 616
Gaps: 52.72 %
Invariant sites: 56.70 %


NOTE: Binary MSA file created: ../example_results/example_run/job_0/example_msa.phy/n_seq_10/n_loci_1000/raxml_full_data_results_0/0_PARSE.raxml.rba

* Estimated memory requirements                : 7 MB

* Recommended number of threads / MPI processes: 7

Please note that numbers given above are rough estimates only. 
Actual memory consumption and parallel performance on your system may differ!

Alignment can be successfully read by RAxML-NG.


Execution log saved to: /Users/noa/Workspace/lasso_positions_sampling/example_results/example_run/job_0/example_msa.phy/n_seq_10/n_loci_1000/raxml_full_data_results_0/0_PARSE.raxml.log

Analysis started: 15-Mar-2022 15:03:16 / finished: 15-Mar-2022 15:03:16

Elapsed time: 0.004 seconds

