
RAxML-NG v. 1.0.1 released on 19.09.2020 by The Exelixis Lab.
Developed by: Alexey M. Kozlov and Alexandros Stamatakis.
Contributors: Diego Darriba, Tomas Flouri, Benoit Morel, Sarah Lutteropp, Ben Bettisworth.
Latest version: https://github.com/amkozlov/raxml-ng
Questions/problems/suggestions? Please visit: https://groups.google.com/forum/#!forum/raxml

System: Intel(R) Core(TM) i7-7660U CPU @ 2.50GHz, 2 cores, 16 GB RAM

RAxML-NG was called at 16-Mar-2022 11:19:09 as follows:

/Users/noa/Programs/Raxml/raxml-ng --threads 1 --workers auto --force msa --force perf_threads --msa ../example_results/example_run/job_0/example_msa.phy/n_seq_10/n_loci_1000/0.phy --model ../example_results/example_run/job_0/example_msa.phy/n_seq_10/n_loci_1000/raxml_full_data_results_0/0pars_eval.raxml.bestModel --start --tree rand{800} --prefix ../example_results/example_run/job_0/example_msa.phy/n_seq_10/n_loci_1000/Lasso_folder/random_tree_generation/training_800/rand_top --opt-branches off --seed 1

Analysis options:
  run mode: Starting tree generation
  start tree(s): random (800)
  random seed: 1
  SIMD kernels: AVX2
  parallelization: coarse-grained (auto), NONE/sequential

WARNING: Running in FORCE mode: some safety checks are disabled!

[00:00:00] Reading alignment from file: ../example_results/example_run/job_0/example_msa.phy/n_seq_10/n_loci_1000/0.phy
[00:00:00] Loaded alignment with 10 taxa and 1000 sites

Alignment comprises 1 partitions and 616 patterns

Partition 0: noname
Model: WAG+G4m{2.36826}
Alignment sites / patterns: 1000 / 616
Gaps: 52.72 %
Invariant sites: 56.70 %


NOTE: Binary MSA file created: ../example_results/example_run/job_0/example_msa.phy/n_seq_10/n_loci_1000/Lasso_folder/random_tree_generation/training_800/rand_top.raxml.rba

[00:00:00] Generating 800 random starting tree(s) with 10 taxa

All starting trees saved to: /Users/noa/Workspace/lasso_positions_sampling/example_results/example_run/job_0/example_msa.phy/n_seq_10/n_loci_1000/Lasso_folder/random_tree_generation/training_800/rand_top.raxml.startTree


Execution log saved to: /Users/noa/Workspace/lasso_positions_sampling/example_results/example_run/job_0/example_msa.phy/n_seq_10/n_loci_1000/Lasso_folder/random_tree_generation/training_800/rand_top.raxml.log

Analysis started: 16-Mar-2022 11:19:09 / finished: 16-Mar-2022 11:19:09

Elapsed time: 0.038 seconds

