
RAxML-NG v. 1.0.1 released on 19.09.2020 by The Exelixis Lab.
Developed by: Alexey M. Kozlov and Alexandros Stamatakis.
Contributors: Diego Darriba, Tomas Flouri, Benoit Morel, Sarah Lutteropp, Ben Bettisworth.
Latest version: https://github.com/amkozlov/raxml-ng
Questions/problems/suggestions? Please visit: https://groups.google.com/forum/#!forum/raxml

System: Intel(R) Core(TM) i7-7660U CPU @ 2.50GHz, 2 cores, 16 GB RAM

RAxML-NG was called at 15-Mar-2022 14:48:06 as follows:

/Users/noa/Programs/Raxml/raxml-ng --threads 1 --workers auto --force msa --force perf_threads --check --msa example_results/example_run/job_0/MSA_example_msa.phy/n_seq_10/n_loci_1000/0.phy --model WAG+G --prefix example_results/example_run/job_0/MSA_example_msa.phy/n_seq_10/n_loci_1000/raxml_full_data_results_0/0_CHECK --seed 1

Analysis options:
  run mode: Alignment validation
  start tree(s): 
  random seed: 1
  SIMD kernels: AVX2
  parallelization: coarse-grained (auto), NONE/sequential

WARNING: Running in FORCE mode: some safety checks are disabled!

[00:00:00] Reading alignment from file: example_results/example_run/job_0/MSA_example_msa.phy/n_seq_10/n_loci_1000/0.phy
[00:00:00] Loaded alignment with 10 taxa and 1000 sites

Alignment comprises 1 partitions and 1000 sites

Partition 0: noname
Model: WAG+G4m
Alignment sites: 1000
Gaps: 52.72 %
Invariant sites: 56.70 %


Alignment can be successfully read by RAxML-NG.


Execution log saved to: /Users/noa/Workspace/lasso_positions_sampling/main_code/example_results/example_run/job_0/MSA_example_msa.phy/n_seq_10/n_loci_1000/raxml_full_data_results_0/0_CHECK.raxml.log

Analysis started: 15-Mar-2022 14:48:06 / finished: 15-Mar-2022 14:48:06

Elapsed time: 0.008 seconds

